# JRE version: OpenJDK Runtime Environment (Red_Hat-21.0.5.0.11-1) (21.0.5+11) (build 21.0.5+11)
# Java VM: OpenJDK 64-Bit Server VM (Red_Hat-21.0.5.0.11-1) (21.0.5+11, mixed mode, sharing, tiered, compressed oops, compressed class ptrs, serial gc, linux-amd64)
GC Precious Log:
 CardTable entry size: 512
 CPUs: 1 total, 1 available
 Memory: 3905M
 Large Page Support: Disabled
 NUMA Support: Disabled
 Compressed Oops: Enabled (32-bit)
 Heap Min Capacity: 8M
 Heap Initial Capacity: 62M
 Heap Max Capacity: 978M
 Pre-touch: Disabled
Heap:
 def new generation   total 19136K, used 10922K [0x00000000c2e00000, 0x00000000c42c0000, 0x00000000d7400000)
  eden space 17024K,  51% used [0x00000000c2e00000, 0x00000000c369aa90, 0x00000000c3ea0000)
  from space 2112K, 100% used [0x00000000c40b0000, 0x00000000c42c0000, 0x00000000c42c0000)
  to   space 2112K,   0% used [0x00000000c3ea0000, 0x00000000c3ea0000, 0x00000000c40b0000)
 tenured generation   total 42368K, used 21060K [0x00000000d7400000, 0x00000000d9d60000, 0x0000000100000000)
   the space 42368K,  49% used [0x00000000d7400000, 0x00000000d88911d0, 0x00000000d8891200, 0x00000000d9d60000)
 Metaspace       used 27068K, committed 27520K, reserved 1114112K
  class space    used 3059K, committed 3264K, reserved 1048576K
GC Heap History (20 events):
Event: 0.856 GC heap before
{Heap before GC invocations=0 (full 0):
 def new generation   total 19008K, used 16896K [0x00000000c2e00000, 0x00000000c42a0000, 0x00000000d7400000)
  eden space 16896K, 100% used [0x00000000c2e00000, 0x00000000c3e80000, 0x00000000c3e80000)
  from space 2112K,   0% used [0x00000000c3e80000, 0x00000000c3e80000, 0x00000000c4090000)
  to   space 2112K,   0% used [0x00000000c4090000, 0x00000000c4090000, 0x00000000c42a0000)
 tenured generation   total 42368K, used 1075K [0x00000000d7400000, 0x00000000d9d60000, 0x0000000100000000)
   the space 42368K,   2% used [0x00000000d7400000, 0x00000000d750ccd8, 0x00000000d750ce00, 0x00000000d9d60000)
 Metaspace       used 5394K, committed 5568K, reserved 1114112K
  class space    used 607K, committed 704K, reserved 1048576K
}
Event: 0.859 GC heap after
{Heap after GC invocations=1 (full 0):
 def new generation   total 19008K, used 2112K [0x00000000c2e00000, 0x00000000c42a0000, 0x00000000d7400000)
  eden space 16896K,   0% used [0x00000000c2e00000, 0x00000000c2e00000, 0x00000000c3e80000)
  from space 2112K, 100% used [0x00000000c4090000, 0x00000000c42a0000, 0x00000000c42a0000)
  to   space 2112K,   0% used [0x00000000c3e80000, 0x00000000c3e80000, 0x00000000c4090000)
 tenured generation   total 42368K, used 1741K [0x00000000d7400000, 0x00000000d9d60000, 0x0000000100000000)
   the space 42368K,   4% used [0x00000000d7400000, 0x00000000d75b3530, 0x00000000d75b3600, 0x00000000d9d60000)
 Metaspace       used 5394K, committed 5568K, reserved 1114112K
  class space    used 607K, committed 704K, reserved 1048576K
}
Event: 1.102 GC heap before
{Heap before GC invocations=1 (full 0):
 def new generation   total 19008K, used 19008K [0x00000000c2e00000, 0x00000000c42a0000, 0x00000000d7400000)
  eden space 16896K, 100% used [0x00000000c2e00000, 0x00000000c3e80000, 0x00000000c3e80000)
  from space 2112K, 100% used [0x00000000c4090000, 0x00000000c42a0000, 0x00000000c42a0000)
  to   space 2112K,   0% used [0x00000000c3e80000, 0x00000000c3e80000, 0x00000000c4090000)
 tenured generation   total 42368K, used 1741K [0x00000000d7400000, 0x00000000d9d60000, 0x0000000100000000)
   the space 42368K,   4% used [0x00000000d7400000, 0x00000000d75b3530, 0x00000000d75b3600, 0x00000000d9d60000)
 Metaspace       used 7020K, committed 7168K, reserved 1114112K
  class space    used 803K, committed 896K, reserved 1048576K
}
Event: 1.105 GC heap after
{Heap after GC invocations=2 (full 0):
 def new generation   total 19008K, used 759K [0x00000000c2e00000, 0x00000000c42a0000, 0x00000000d7400000)
  eden space 16896K,   0% used [0x00000000c2e00000, 0x00000000c2e00000, 0x00000000c3e80000)
  from space 2112K,  35% used [0x00000000c3e80000, 0x00000000c3f3df78, 0x00000000c4090000)
  to   space 2112K,   0% used [0x00000000c4090000, 0x00000000c4090000, 0x00000000c42a0000)
 tenured generation   total 42368K, used 3839K [0x00000000d7400000, 0x00000000d9d60000, 0x0000000100000000)
   the space 42368K,   9% used [0x00000000d7400000, 0x00000000d77bfc18, 0x00000000d77bfe00, 0x00000000d9d60000)
 Metaspace       used 7020K, committed 7168K, reserved 1114112K
  class space    used 803K, committed 896K, reserved 1048576K
}
Event: 1.393 GC heap before
{Heap before GC invocations=2 (full 0):
 def new generation   total 19008K, used 17655K [0x00000000c2e00000, 0x00000000c42a0000, 0x00000000d7400000)
  eden space 16896K, 100% used [0x00000000c2e00000, 0x00000000c3e80000, 0x00000000c3e80000)
  from space 2112K,  35% used [0x00000000c3e80000, 0x00000000c3f3df78, 0x00000000c4090000)
  to   space 2112K,   0% used [0x00000000c4090000, 0x00000000c4090000, 0x00000000c42a0000)
 tenured generation   total 42368K, used 3839K [0x00000000d7400000, 0x00000000d9d60000, 0x0000000100000000)
   the space 42368K,   9% used [0x00000000d7400000, 0x00000000d77bfc18, 0x00000000d77bfe00, 0x00000000d9d60000)
 Metaspace       used 10432K, committed 10624K, reserved 1114112K
  class space    used 1231K, committed 1344K, reserved 1048576K
}
Event: 1.394 GC heap after
{Heap after GC invocations=3 (full 0):
 def new generation   total 19008K, used 1932K [0x00000000c2e00000, 0x00000000c42a0000, 0x00000000d7400000)
  eden space 16896K,   0% used [0x00000000c2e00000, 0x00000000c2e00000, 0x00000000c3e80000)
  from space 2112K,  91% used [0x00000000c4090000, 0x00000000c4273080, 0x00000000c42a0000)
  to   space 2112K,   0% used [0x00000000c3e80000, 0x00000000c3e80000, 0x00000000c4090000)
 tenured generation   total 42368K, used 3839K [0x00000000d7400000, 0x00000000d9d60000, 0x0000000100000000)
   the space 42368K,   9% used [0x00000000d7400000, 0x00000000d77bfc18, 0x00000000d77bfe00, 0x00000000d9d60000)
 Metaspace       used 10432K, committed 10624K, reserved 1114112K
  class space    used 1231K, committed 1344K, reserved 1048576K
}
Event: 1.840 GC heap before
{Heap before GC invocations=3 (full 0):
 def new generation   total 19008K, used 18828K [0x00000000c2e00000, 0x00000000c42a0000, 0x00000000d7400000)
  eden space 16896K, 100% used [0x00000000c2e00000, 0x00000000c3e80000, 0x00000000c3e80000)
  from space 2112K,  91% used [0x00000000c4090000, 0x00000000c4273080, 0x00000000c42a0000)
  to   space 2112K,   0% used [0x00000000c3e80000, 0x00000000c3e80000, 0x00000000c4090000)
 tenured generation   total 42368K, used 3839K [0x00000000d7400000, 0x00000000d9d60000, 0x0000000100000000)
   the space 42368K,   9% used [0x00000000d7400000, 0x00000000d77bfc18, 0x00000000d77bfe00, 0x00000000d9d60000)
 Metaspace       used 14262K, committed 14592K, reserved 1114112K
  class space    used 1671K, committed 1792K, reserved 1048576K
}
Event: 1.845 GC heap after
{Heap after GC invocations=4 (full 0):
 def new generation   total 19008K, used 1853K [0x00000000c2e00000, 0x00000000c42a0000, 0x00000000d7400000)
  eden space 16896K,   0% used [0x00000000c2e00000, 0x00000000c2e00000, 0x00000000c3e80000)
  from space 2112K,  87% used [0x00000000c3e80000, 0x00000000c404f708, 0x00000000c4090000)
  to   space 2112K,   0% used [0x00000000c4090000, 0x00000000c4090000, 0x00000000c42a0000)
 tenured generation   total 42368K, used 5722K [0x00000000d7400000, 0x00000000d9d60000, 0x0000000100000000)
   the space 42368K,  13% used [0x00000000d7400000, 0x00000000d7996b00, 0x00000000d7996c00, 0x00000000d9d60000)
 Metaspace       used 14262K, committed 14592K, reserved 1114112K
  class space    used 1671K, committed 1792K, reserved 1048576K
}
Event: 2.130 GC heap before
{Heap before GC invocations=4 (full 0):
 def new generation   total 19008K, used 18749K [0x00000000c2e00000, 0x00000000c42a0000, 0x00000000d7400000)
  eden space 16896K, 100% used [0x00000000c2e00000, 0x00000000c3e80000, 0x00000000c3e80000)
  from space 2112K,  87% used [0x00000000c3e80000, 0x00000000c404f708, 0x00000000c4090000)
  to   space 2112K,   0% used [0x00000000c4090000, 0x00000000c4090000, 0x00000000c42a0000)
 tenured generation   total 42368K, used 5722K [0x00000000d7400000, 0x00000000d9d60000, 0x0000000100000000)
   the space 42368K,  13% used [0x00000000d7400000, 0x00000000d7996b00, 0x00000000d7996c00, 0x00000000d9d60000)
 Metaspace       used 14966K, committed 15232K, reserved 1114112K
  class space    used 1739K, committed 1856K, reserved 1048576K
}
Event: 2.136 GC heap after
{Heap after GC invocations=5 (full 0):
 def new generation   total 19008K, used 1109K [0x00000000c2e00000, 0x00000000c42a0000, 0x00000000d7400000)
  eden space 16896K,   0% used [0x00000000c2e00000, 0x00000000c2e00000, 0x00000000c3e80000)
  from space 2112K,  52% used [0x00000000c4090000, 0x00000000c41a56b0, 0x00000000c42a0000)
  to   space 2112K,   0% used [0x00000000c3e80000, 0x00000000c3e80000, 0x00000000c4090000)
 tenured generation   total 42368K, used 7508K [0x00000000d7400000, 0x00000000d9d60000, 0x0000000100000000)
   the space 42368K,  17% used [0x00000000d7400000, 0x00000000d7b55360, 0x00000000d7b55400, 0x00000000d9d60000)
 Metaspace       used 14966K, committed 15232K, reserved 1114112K
  class space    used 1739K, committed 1856K, reserved 1048576K
}
Event: 2.410 GC heap before
{Heap before GC invocations=5 (full 0):
 def new generation   total 19008K, used 18005K [0x00000000c2e00000, 0x00000000c42a0000, 0x00000000d7400000)
  eden space 16896K, 100% used [0x00000000c2e00000, 0x00000000c3e80000, 0x00000000c3e80000)
  from space 2112K,  52% used [0x00000000c4090000, 0x00000000c41a56b0, 0x00000000c42a0000)
  to   space 2112K,   0% used [0x00000000c3e80000, 0x00000000c3e80000, 0x00000000c4090000)
 tenured generation   total 42368K, used 7508K [0x00000000d7400000, 0x00000000d9d60000, 0x0000000100000000)
   the space 42368K,  17% used [0x00000000d7400000, 0x00000000d7b55360, 0x00000000d7b55400, 0x00000000d9d60000)
 Metaspace       used 15756K, committed 16128K, reserved 1114112K
  class space    used 1828K, committed 1984K, reserved 1048576K
}
Event: 2.412 GC heap after
{Heap after GC invocations=6 (full 0):
 def new generation   total 19008K, used 1194K [0x00000000c2e00000, 0x00000000c42a0000, 0x00000000d7400000)
  eden space 16896K,   0% used [0x00000000c2e00000, 0x00000000c2e00000, 0x00000000c3e80000)
  from space 2112K,  56% used [0x00000000c3e80000, 0x00000000c3faa880, 0x00000000c4090000)
  to   space 2112K,   0% used [0x00000000c4090000, 0x00000000c4090000, 0x00000000c42a0000)
 tenured generation   total 42368K, used 8546K [0x00000000d7400000, 0x00000000d9d60000, 0x0000000100000000)
   the space 42368K,  20% used [0x00000000d7400000, 0x00000000d7c58878, 0x00000000d7c58a00, 0x00000000d9d60000)
 Metaspace       used 15756K, committed 16128K, reserved 1114112K
  class space    used 1828K, committed 1984K, reserved 1048576K
}
Event: 2.667 GC heap before
{Heap before GC invocations=6 (full 0):
 def new generation   total 19008K, used 18090K [0x00000000c2e00000, 0x00000000c42a0000, 0x00000000d7400000)
  eden space 16896K, 100% used [0x00000000c2e00000, 0x00000000c3e80000, 0x00000000c3e80000)
  from space 2112K,  56% used [0x00000000c3e80000, 0x00000000c3faa880, 0x00000000c4090000)
  to   space 2112K,   0% used [0x00000000c4090000, 0x00000000c4090000, 0x00000000c42a0000)
 tenured generation   total 42368K, used 8546K [0x00000000d7400000, 0x00000000d9d60000, 0x0000000100000000)
   the space 42368K,  20% used [0x00000000d7400000, 0x00000000d7c58878, 0x00000000d7c58a00, 0x00000000d9d60000)
 Metaspace       used 16161K, committed 16512K, reserved 1114112K
  class space    used 1847K, committed 1984K, reserved 1048576K
}
Event: 2.669 GC heap after
{Heap after GC invocations=7 (full 0):
 def new generation   total 19008K, used 842K [0x00000000c2e00000, 0x00000000c42a0000, 0x00000000d7400000)
  eden space 16896K,   0% used [0x00000000c2e00000, 0x00000000c2e00000, 0x00000000c3e80000)
  from space 2112K,  39% used [0x00000000c4090000, 0x00000000c41628e8, 0x00000000c42a0000)
  to   space 2112K,   0% used [0x00000000c3e80000, 0x00000000c3e80000, 0x00000000c4090000)
 tenured generation   total 42368K, used 9570K [0x00000000d7400000, 0x00000000d9d60000, 0x0000000100000000)
   the space 42368K,  22% used [0x00000000d7400000, 0x00000000d7d588a8, 0x00000000d7d58a00, 0x00000000d9d60000)
 Metaspace       used 16161K, committed 16512K, reserved 1114112K
  class space    used 1847K, committed 1984K, reserved 1048576K
}
Event: 2.921 GC heap before
{Heap before GC invocations=7 (full 0):
 def new generation   total 19008K, used 17738K [0x00000000c2e00000, 0x00000000c42a0000, 0x00000000d7400000)
  eden space 16896K, 100% used [0x00000000c2e00000, 0x00000000c3e80000, 0x00000000c3e80000)
  from space 2112K,  39% used [0x00000000c4090000, 0x00000000c41628e8, 0x00000000c42a0000)
  to   space 2112K,   0% used [0x00000000c3e80000, 0x00000000c3e80000, 0x00000000c4090000)
 tenured generation   total 42368K, used 9570K [0x00000000d7400000, 0x00000000d9d60000, 0x0000000100000000)
   the space 42368K,  22% used [0x00000000d7400000, 0x00000000d7d588a8, 0x00000000d7d58a00, 0x00000000d9d60000)
 Metaspace       used 18372K, committed 18752K, reserved 1114112K
  class space    used 2106K, committed 2304K, reserved 1048576K
}
Event: 2.927 GC heap after
{Heap after GC invocations=8 (full 0):
 def new generation   total 19008K, used 2112K [0x00000000c2e00000, 0x00000000c42a0000, 0x00000000d7400000)
  eden space 16896K,   0% used [0x00000000c2e00000, 0x00000000c2e00000, 0x00000000c3e80000)
  from space 2112K, 100% used [0x00000000c3e80000, 0x00000000c4090000, 0x00000000c4090000)
  to   space 2112K,   0% used [0x00000000c4090000, 0x00000000c4090000, 0x00000000c42a0000)
 tenured generation   total 42368K, used 16045K [0x00000000d7400000, 0x00000000d9d60000, 0x0000000100000000)
   the space 42368K,  37% used [0x00000000d7400000, 0x00000000d83ab4e0, 0x00000000d83ab600, 0x00000000d9d60000)
 Metaspace       used 18372K, committed 18752K, reserved 1114112K
  class space    used 2106K, committed 2304K, reserved 1048576K
}
Event: 3.032 GC heap before
{Heap before GC invocations=8 (full 0):
 def new generation   total 19008K, used 4925K [0x00000000c2e00000, 0x00000000c42a0000, 0x00000000d7400000)
  eden space 16896K,  16% used [0x00000000c2e00000, 0x00000000c30bf528, 0x00000000c3e80000)
  from space 2112K, 100% used [0x00000000c3e80000, 0x00000000c4090000, 0x00000000c4090000)
  to   space 2112K,   0% used [0x00000000c4090000, 0x00000000c4090000, 0x00000000c42a0000)
 tenured generation   total 42368K, used 16045K [0x00000000d7400000, 0x00000000d9d60000, 0x0000000100000000)
   the space 42368K,  37% used [0x00000000d7400000, 0x00000000d83ab4e0, 0x00000000d83ab600, 0x00000000d9d60000)
 Metaspace       used 21136K, committed 21504K, reserved 1114112K
  class space    used 2461K, committed 2624K, reserved 1048576K
}
Event: 3.061 GC heap after
{Heap after GC invocations=9 (full 1):
 def new generation   total 19136K, used 0K [0x00000000c2e00000, 0x00000000c42c0000, 0x00000000d7400000)
  eden space 17024K,   0% used [0x00000000c2e00000, 0x00000000c2e00000, 0x00000000c3ea0000)
  from space 2112K,   0% used [0x00000000c3ea0000, 0x00000000c3ea0000, 0x00000000c40b0000)
  to   space 2112K,   0% used [0x00000000c40b0000, 0x00000000c40b0000, 0x00000000c42c0000)
 tenured generation   total 42368K, used 19257K [0x00000000d7400000, 0x00000000d9d60000, 0x0000000100000000)
   the space 42368K,  45% used [0x00000000d7400000, 0x00000000d86ce5c0, 0x00000000d86ce600, 0x00000000d9d60000)
 Metaspace       used 21136K, committed 21504K, reserved 1114112K
  class space    used 2461K, committed 2624K, reserved 1048576K
}
Event: 3.692 GC heap before
{Heap before GC invocations=9 (full 1):
 def new generation   total 19136K, used 17024K [0x00000000c2e00000, 0x00000000c42c0000, 0x00000000d7400000)
  eden space 17024K, 100% used [0x00000000c2e00000, 0x00000000c3ea0000, 0x00000000c3ea0000)
  from space 2112K,   0% used [0x00000000c3ea0000, 0x00000000c3ea0000, 0x00000000c40b0000)
  to   space 2112K,   0% used [0x00000000c40b0000, 0x00000000c40b0000, 0x00000000c42c0000)
 tenured generation   total 42368K, used 19257K [0x00000000d7400000, 0x00000000d9d60000, 0x0000000100000000)
   the space 42368K,  45% used [0x00000000d7400000, 0x00000000d86ce5c0, 0x00000000d86ce600, 0x00000000d9d60000)
 Metaspace       used 25759K, committed 26240K, reserved 1114112K
  class space    used 2958K, committed 3200K, reserved 1048576K
}
Event: 3.698 GC heap after
{Heap after GC invocations=10 (full 1):
 def new generation   total 19136K, used 2112K [0x00000000c2e00000, 0x00000000c42c0000, 0x00000000d7400000)
  eden space 17024K,   0% used [0x00000000c2e00000, 0x00000000c2e00000, 0x00000000c3ea0000)
  from space 2112K, 100% used [0x00000000c40b0000, 0x00000000c42c0000, 0x00000000c42c0000)
  to   space 2112K,   0% used [0x00000000c3ea0000, 0x00000000c3ea0000, 0x00000000c40b0000)
 tenured generation   total 42368K, used 21060K [0x00000000d7400000, 0x00000000d9d60000, 0x0000000100000000)
   the space 42368K,  49% used [0x00000000d7400000, 0x00000000d88911d0, 0x00000000d8891200, 0x00000000d9d60000)
 Metaspace       used 25759K, committed 26240K, reserved 1114112K
  class space    used 2958K, committed 3200K, reserved 1048576K
}

